Determining if the pthread_create exist failed with the following output:
Change Dir: /home/jaron/catkin_ws/build/subscriber_stuff/CMakeFiles/CMakeTmp

Run Build Command:/usr/bin/make "cmTryCompileExec505915992/fast"
/usr/bin/make -f CMakeFiles/cmTryCompileExec505915992.dir/build.make CMakeFiles/cmTryCompileExec505915992.dir/build
make[1]: Entering directory `/home/jaron/catkin_ws/build/subscriber_stuff/CMakeFiles/CMakeTmp'
/usr/bin/cmake -E cmake_progress_report /home/jaron/catkin_ws/build/subscriber_stuff/CMakeFiles/CMakeTmp/CMakeFiles 1
Building C object CMakeFiles/cmTryCompileExec505915992.dir/CheckSymbolExists.c.o
/usr/bin/cc    -o CMakeFiles/cmTryCompileExec505915992.dir/CheckSymbolExists.c.o   -c /home/jaron/catkin_ws/build/subscriber_stuff/CMakeFiles/CMakeTmp/CheckSymbolExists.c
Linking C executable cmTryCompileExec505915992
/usr/bin/cmake -E cmake_link_script CMakeFiles/cmTryCompileExec505915992.dir/link.txt --verbose=1
/usr/bin/cc       CMakeFiles/cmTryCompileExec505915992.dir/CheckSymbolExists.c.o  -o cmTryCompileExec505915992 -rdynamic 
CMakeFiles/cmTryCompileExec505915992.dir/CheckSymbolExists.c.o: In function `main':
CheckSymbolExists.c:(.text+0x16): undefined reference to `pthread_create'
collect2: error: ld returned 1 exit status
make[1]: *** [cmTryCompileExec505915992] Error 1
make[1]: Leaving directory `/home/jaron/catkin_ws/build/subscriber_stuff/CMakeFiles/CMakeTmp'
make: *** [cmTryCompileExec505915992/fast] Error 2

File /home/jaron/catkin_ws/build/subscriber_stuff/CMakeFiles/CMakeTmp/CheckSymbolExists.c:
/* */
#include <pthread.h>

int main(int argc, char** argv)
{
  (void)argv;
#ifndef pthread_create
  return ((int*)(&pthread_create))[argc];
#else
  (void)argc;
  return 0;
#endif
}

Determining if the function pthread_create exists in the pthreads failed with the following output:
Change Dir: /home/jaron/catkin_ws/build/subscriber_stuff/CMakeFiles/CMakeTmp

Run Build Command:/usr/bin/make "cmTryCompileExec1360631658/fast"
/usr/bin/make -f CMakeFiles/cmTryCompileExec1360631658.dir/build.make CMakeFiles/cmTryCompileExec1360631658.dir/build
make[1]: Entering directory `/home/jaron/catkin_ws/build/subscriber_stuff/CMakeFiles/CMakeTmp'
/usr/bin/cmake -E cmake_progress_report /home/jaron/catkin_ws/build/subscriber_stuff/CMakeFiles/CMakeTmp/CMakeFiles 1
Building C object CMakeFiles/cmTryCompileExec1360631658.dir/CheckFunctionExists.c.o
/usr/bin/cc   -DCHECK_FUNCTION_EXISTS=pthread_create   -o CMakeFiles/cmTryCompileExec1360631658.dir/CheckFunctionExists.c.o   -c /usr/share/cmake-2.8/Modules/CheckFunctionExists.c
Linking C executable cmTryCompileExec1360631658
/usr/bin/cmake -E cmake_link_script CMakeFiles/cmTryCompileExec1360631658.dir/link.txt --verbose=1
/usr/bin/cc   -DCHECK_FUNCTION_EXISTS=pthread_create    CMakeFiles/cmTryCompileExec1360631658.dir/CheckFunctionExists.c.o  -o cmTryCompileExec1360631658 -rdynamic -lpthreads 
/usr/bin/ld: cannot find -lpthreads
collect2: error: ld returned 1 exit status
make[1]: *** [cmTryCompileExec1360631658] Error 1
make[1]: Leaving directory `/home/jaron/catkin_ws/build/subscriber_stuff/CMakeFiles/CMakeTmp'
make: *** [cmTryCompileExec1360631658/fast] Error 2


