Determining if the pthread_create exist failed with the following output:
Change Dir: /home/jaron/catkin_ws/build/CMakeFiles/CMakeTmp

Run Build Command:/usr/bin/make "cmTryCompileExec56388774/fast"
/usr/bin/make -f CMakeFiles/cmTryCompileExec56388774.dir/build.make CMakeFiles/cmTryCompileExec56388774.dir/build
make[1]: Entering directory `/home/jaron/catkin_ws/build/CMakeFiles/CMakeTmp'
/usr/bin/cmake -E cmake_progress_report /home/jaron/catkin_ws/build/CMakeFiles/CMakeTmp/CMakeFiles 1
Building C object CMakeFiles/cmTryCompileExec56388774.dir/CheckSymbolExists.c.o
/usr/bin/cc    -o CMakeFiles/cmTryCompileExec56388774.dir/CheckSymbolExists.c.o   -c /home/jaron/catkin_ws/build/CMakeFiles/CMakeTmp/CheckSymbolExists.c
Linking C executable cmTryCompileExec56388774
/usr/bin/cmake -E cmake_link_script CMakeFiles/cmTryCompileExec56388774.dir/link.txt --verbose=1
/usr/bin/cc       CMakeFiles/cmTryCompileExec56388774.dir/CheckSymbolExists.c.o  -o cmTryCompileExec56388774 -rdynamic 
CMakeFiles/cmTryCompileExec56388774.dir/CheckSymbolExists.c.o: In function `main':
CheckSymbolExists.c:(.text+0x16): undefined reference to `pthread_create'
collect2: error: ld returned 1 exit status
make[1]: Leaving directory `/home/jaron/catkin_ws/build/CMakeFiles/CMakeTmp'
make[1]: *** [cmTryCompileExec56388774] Error 1
make: *** [cmTryCompileExec56388774/fast] Error 2

File /home/jaron/catkin_ws/build/CMakeFiles/CMakeTmp/CheckSymbolExists.c:
/* */
#include <pthread.h>

int main(int argc, char** argv)
{
  (void)argv;
#ifndef pthread_create
  return ((int*)(&pthread_create))[argc];
#else
  (void)argc;
  return 0;
#endif
}

Determining if the function pthread_create exists in the pthreads failed with the following output:
Change Dir: /home/jaron/catkin_ws/build/CMakeFiles/CMakeTmp

Run Build Command:/usr/bin/make "cmTryCompileExec3772614614/fast"
/usr/bin/make -f CMakeFiles/cmTryCompileExec3772614614.dir/build.make CMakeFiles/cmTryCompileExec3772614614.dir/build
make[1]: Entering directory `/home/jaron/catkin_ws/build/CMakeFiles/CMakeTmp'
/usr/bin/cmake -E cmake_progress_report /home/jaron/catkin_ws/build/CMakeFiles/CMakeTmp/CMakeFiles 1
Building C object CMakeFiles/cmTryCompileExec3772614614.dir/CheckFunctionExists.c.o
/usr/bin/cc   -DCHECK_FUNCTION_EXISTS=pthread_create   -o CMakeFiles/cmTryCompileExec3772614614.dir/CheckFunctionExists.c.o   -c /usr/share/cmake-2.8/Modules/CheckFunctionExists.c
Linking C executable cmTryCompileExec3772614614
/usr/bin/cmake -E cmake_link_script CMakeFiles/cmTryCompileExec3772614614.dir/link.txt --verbose=1
/usr/bin/cc   -DCHECK_FUNCTION_EXISTS=pthread_create    CMakeFiles/cmTryCompileExec3772614614.dir/CheckFunctionExists.c.o  -o cmTryCompileExec3772614614 -rdynamic -lpthreads 
/usr/bin/ld: cannot find -lpthreads
collect2: error: ld returned 1 exit status
make[1]: Leaving directory `/home/jaron/catkin_ws/build/CMakeFiles/CMakeTmp'
make[1]: *** [cmTryCompileExec3772614614] Error 1
make: *** [cmTryCompileExec3772614614/fast] Error 2


